<?xml version="1.0" encoding="UTF-8"?>
<!-- Generated by org.testng.reporters.JUnitReportReporter -->
<testsuite hostname="DESKTOP-4IF8IAN" failures="0" tests="1" name="automation.selenium.baseTests.baseTest" time="7.807" errors="0" timestamp="2023-11-15T22:44:49 IST" skipped="0">
  <testcase classname="automation.selenium.baseTests.baseTest" name="setup" time="7.807"/>
</testsuite> <!-- automation.selenium.baseTests.baseTest -->
