<?xml version="1.0" encoding="UTF-8"?>
<!-- Generated by org.testng.reporters.JUnitReportReporter -->
<testsuite hostname="DESKTOP-4IF8IAN" failures="0" tests="1" name="automation.selenium.testScripts.testScript" time="0.314" errors="0" timestamp="2023-11-16T22:35:11 IST" skipped="0">
  <testcase classname="automation.selenium.testScripts.testScript" name="serch" time="0.314"/>
</testsuite> <!-- automation.selenium.testScripts.testScript -->
